Using pre-set license
Built from '2020.3/staging' branch; Version is '2020.3.22f1 (e1a7f79fd887) revision 14788599'; Using compiler version '192528614'; Build Type 'Release'
OS: 'Windows 10 Home; OS build 19044.1526; Version 2009; 64bit' Language: 'ko' Physical Memory: 8105 MB
BatchMode: 1, IsHumanControllingUs: 0, StartBugReporterOnCrash: 0, Is64bit: 1, IsPro: 0

COMMAND LINE ARGUMENTS:
C:\Program Files\Unity\Hub\Editor\2020.3.22f1\Editor\Unity.exe
-adb2
-batchMode
-noUpm
-name
AssetImportWorker0
-projectPath
C:/Users/haein/Desktop/GitHub/Capstone/Ewhaverse/Ewhaverse
-logFile
Logs/AssetImportWorker0.log
-srvPort
5577
Successfully changed project path to: C:/Users/haein/Desktop/GitHub/Capstone/Ewhaverse/Ewhaverse
C:/Users/haein/Desktop/GitHub/Capstone/Ewhaverse/Ewhaverse
Using Asset Import Pipeline V2.
Refreshing native plugins compatible for Editor in 80.97 ms, found 2 plugins.
Preloading 0 native plugins for Editor in 0.00 ms.
Initialize engine version: 2020.3.22f1 (e1a7f79fd887)
[Subsystems] Discovering subsystems at path C:/Program Files/Unity/Hub/Editor/2020.3.22f1/Editor/Data/Resources/UnitySubsystems
[Subsystems] Discovering subsystems at path C:/Users/haein/Desktop/GitHub/Capstone/Ewhaverse/Ewhaverse/Assets
GfxDevice: creating device client; threaded=0
Direct3D:
    Version:  Direct3D 11.0 [level 11.1]
    Renderer: Intel(R) HD Graphics 620 (ID=0x5916)
    Vendor:   
    VRAM:     4052 MB
    Driver:   27.20.100.8730
Initialize mono
Mono path[0] = 'C:/Program Files/Unity/Hub/Editor/2020.3.22f1/Editor/Data/Managed'
Mono path[1] = 'C:/Program Files/Unity/Hub/Editor/2020.3.22f1/Editor/Data/MonoBleedingEdge/lib/mono/unityjit'
Mono config path = 'C:/Program Files/Unity/Hub/Editor/2020.3.22f1/Editor/Data/MonoBleedingEdge/etc'
Using monoOptions --debugger-agent=transport=dt_socket,embedding=1,server=y,suspend=n,address=127.0.0.1:56404
Begin MonoManager ReloadAssembly
Registering precompiled unity dll's ...
Register platform support module: C:/Program Files/Unity/Hub/Editor/2020.3.22f1/Editor/Data/PlaybackEngines/WebGLSupport/UnityEditor.WebGL.Extensions.dll
Register platform support module: C:/Program Files/Unity/Hub/Editor/2020.3.22f1/Editor/Data/PlaybackEngines/MacStandaloneSupport/UnityEditor.OSXStandalone.Extensions.dll
Register platform support module: C:/Program Files/Unity/Hub/Editor/2020.3.22f1/Editor/Data/PlaybackEngines/WindowsStandaloneSupport/UnityEditor.WindowsStandalone.Extensions.dll
Register platform support module: C:/Program Files/Unity/Hub/Editor/2020.3.22f1/Editor/Data/PlaybackEngines/LinuxStandaloneSupport/UnityEditor.LinuxStandalone.Extensions.dll
Register platform support module: C:/Program Files/Unity/Hub/Editor/2020.3.22f1/Editor/Data/PlaybackEngines/LuminSupport/UnityEditor.Lumin.Extensions.dll
Registered in 0.012109 seconds.
Native extension for Lumin target not found
Native extension for LinuxStandalone target not found
Native extension for WindowsStandalone target not found
Native extension for OSXStandalone target not found
Native extension for WebGL target not found
Refreshing native plugins compatible for Editor in 59.98 ms, found 2 plugins.
Preloading 0 native plugins for Editor in 0.00 ms.
Mono: successfully reloaded assembly
- Completed reload, in  7.207 seconds
Domain Reload Profiling:
	ReloadAssembly (7207ms)
		BeginReloadAssembly (149ms)
			ExecutionOrderSort (0ms)
			DisableScriptedObjects (0ms)
			BackupInstance (0ms)
			ReleaseScriptingObjects (0ms)
			CreateAndSetChildDomain (2ms)
		EndReloadAssembly (863ms)
			LoadAssemblies (145ms)
			RebuildTransferFunctionScriptingTraits (0ms)
			SetupTypeCache (330ms)
			ReleaseScriptCaches (0ms)
			RebuildScriptCaches (50ms)
			SetupLoadedEditorAssemblies (276ms)
				LogAssemblyErrors (0ms)
				InitializePlatformSupportModulesInManaged (15ms)
				SetLoadedEditorAssemblies (0ms)
				RefreshPlugins (60ms)
				BeforeProcessingInitializeOnLoad (27ms)
				ProcessInitializeOnLoadAttributes (129ms)
				ProcessInitializeOnLoadMethodAttributes (44ms)
				AfterProcessingInitializeOnLoad (0ms)
				EditorAssembliesLoaded (0ms)
			ExecutionOrderSort2 (0ms)
			AwakeInstancesAfterBackupRestoration (0ms)
Platform modules already initialized, skipping
Registering precompiled user dll's ...
Registered in 0.022350 seconds.
Begin MonoManager ReloadAssembly
Native extension for Lumin target not found
Native extension for LinuxStandalone target not found
Native extension for WindowsStandalone target not found
Native extension for OSXStandalone target not found
Native extension for WebGL target not found
Refreshing native plugins compatible for Editor in 0.77 ms, found 2 plugins.
Preloading 0 native plugins for Editor in 0.00 ms.
Mono: successfully reloaded assembly
- Completed reload, in  1.996 seconds
Domain Reload Profiling:
	ReloadAssembly (1998ms)
		BeginReloadAssembly (307ms)
			ExecutionOrderSort (0ms)
			DisableScriptedObjects (10ms)
			BackupInstance (0ms)
			ReleaseScriptingObjects (0ms)
			CreateAndSetChildDomain (27ms)
		EndReloadAssembly (1565ms)
			LoadAssemblies (208ms)
			RebuildTransferFunctionScriptingTraits (0ms)
			SetupTypeCache (528ms)
			ReleaseScriptCaches (1ms)
			RebuildScriptCaches (82ms)
			SetupLoadedEditorAssemblies (597ms)
				LogAssemblyErrors (0ms)
				InitializePlatformSupportModulesInManaged (16ms)
				SetLoadedEditorAssemblies (1ms)
				RefreshPlugins (1ms)
				BeforeProcessingInitializeOnLoad (155ms)
				ProcessInitializeOnLoadAttributes (376ms)
				ProcessInitializeOnLoadMethodAttributes (22ms)
				AfterProcessingInitializeOnLoad (26ms)
				EditorAssembliesLoaded (0ms)
			ExecutionOrderSort2 (0ms)
			AwakeInstancesAfterBackupRestoration (10ms)
Platform modules already initialized, skipping
========================================================================
Worker process is ready to serve import requests
Launched and connected shader compiler UnityShaderCompiler.exe after 0.10 seconds
Refreshing native plugins compatible for Editor in 0.54 ms, found 2 plugins.
Preloading 0 native plugins for Editor in 0.00 ms.
Unloading 1770 Unused Serialized files (Serialized files now loaded: 0)
System memory in use before: 81.6 MB.
System memory in use after: 81.7 MB.

Unloading 25 unused Assets to reduce memory usage. Loaded Objects now: 2198.
Total: 4.740800 ms (FindLiveObjects: 0.228900 ms CreateObjectMapping: 0.083300 ms MarkObjects: 4.307200 ms  DeleteObjects: 0.119600 ms)

AssetImportParameters requested are different than current active one (requested -> active):
  custom:framework-win-MediaFoundation: 216162199b28c13a410421893ffa2e32 -> 
  custom:video-decoder-ogg-theora: a1e56fd34408186e4bbccfd4996cb3dc -> 
  custom:container-muxer-webm: aa71ff27fc2769a1b78a27578f13a17b -> 
  custom:container-demuxer-webm: 4f35f7cbe854078d1ac9338744f61a02 -> 
  custom:container-demuxer-ogg: 62fdf1f143b41e24485cea50d1cbac27 -> 
  custom:video-encoder-webm-vp8: eb34c28f22e8b96e1ab97ce403110664 -> 
  custom:video-codec-MediaFoundation-h265: 746d11721c4dcdbdad8f713fa42b33f4 -> 
  custom:video-decoder-webm-vp8: 9c59270c3fd7afecdb556c50c9e8de78 -> 
  custom:audio-decoder-ogg-vorbis: bf7c407c2cedff20999df2af8eb42d56 -> 
  custom:audio-encoder-webm-vorbis: bf7c407c2cedff20999df2af8eb42d56 -> 
========================================================================
Received Import Request.
  path: Assets/Font/SCDREAM5.asset
  artifactKey: Guid(be0d1653615dd7449bdf7595ea384d8f) Importer(815301076,1909f56bfc062723c751e8b465ee728b)
Start importing Assets/Font/SCDREAM5.asset using Guid(be0d1653615dd7449bdf7595ea384d8f) Importer(815301076,1909f56bfc062723c751e8b465ee728b)  -> (artifact id: '74da9a1e336c107630696a9bd4295f14') in 0.859440 seconds 
  Import took 0.864769 seconds .

========================================================================
Received Import Request.
  Time since last request: 0.000358 seconds.
  path: Assets/Btn_RoomEntity.prefab
  artifactKey: Guid(9825aac5ca72ce745b066c8b07382588) Importer(815301076,1909f56bfc062723c751e8b465ee728b)
Start importing Assets/Btn_RoomEntity.prefab using Guid(9825aac5ca72ce745b066c8b07382588) Importer(815301076,1909f56bfc062723c751e8b465ee728b)  -> (artifact id: '2977a9fc0b2c9d8699c0a28764ceaf00') in 0.569975 seconds 
  Import took 0.578110 seconds .

========================================================================
Received Import Request.
  Time since last request: 0.000401 seconds.
  path: Assets/Resources/Player.prefab
  artifactKey: Guid(054a995b60f42d5499d09231cc338015) Importer(815301076,1909f56bfc062723c751e8b465ee728b)
Start importing Assets/Resources/Player.prefab using Guid(054a995b60f42d5499d09231cc338015) Importer(815301076,1909f56bfc062723c751e8b465ee728b)  -> (artifact id: 'f7f9c0f0ad981698ad41aac9c704116d') in 0.664483 seconds 
  Import took 0.678670 seconds .

========================================================================
Received Import Request.
  Time since last request: 0.000368 seconds.
  path: Assets/SCDREAM5.OTF
  artifactKey: Guid(5386077d1e32cdf4597b324a782e529f) Importer(815301076,1909f56bfc062723c751e8b465ee728b)
Start importing Assets/SCDREAM5.OTF using Guid(5386077d1e32cdf4597b324a782e529f) Importer(815301076,1909f56bfc062723c751e8b465ee728b)  -> (artifact id: 'fdae07aeca344bd52fdd50d15bd898c5') in 0.062464 seconds 
  Import took 0.067775 seconds .

========================================================================
Received Import Request.
  Time since last request: 0.000372 seconds.
  path: Assets/Scenes/Square.unity
  artifactKey: Guid(a738cc2e0a9c6df49b79c655a337f300) Importer(815301076,1909f56bfc062723c751e8b465ee728b)
Start importing Assets/Scenes/Square.unity using Guid(a738cc2e0a9c6df49b79c655a337f300) Importer(815301076,1909f56bfc062723c751e8b465ee728b)  -> (artifact id: 'b55606c082cdd2313689ff1e50382179') in 0.019730 seconds 
  Import took 0.036651 seconds .

========================================================================
Received Import Request.
  Time since last request: 0.005563 seconds.
  path: Assets/Scenes/Room.unity
  artifactKey: Guid(a87a54841142d9c44b678cfc8bbc8902) Importer(815301076,1909f56bfc062723c751e8b465ee728b)
Start importing Assets/Scenes/Room.unity using Guid(a87a54841142d9c44b678cfc8bbc8902) Importer(815301076,1909f56bfc062723c751e8b465ee728b)  -> (artifact id: '438c5a9dc9f240fff318741279b838ed') in 0.030779 seconds 
  Import took 0.040243 seconds .

========================================================================
Received Import Request.
  Time since last request: 0.000442 seconds.
  path: Assets/kaya.fbx
  artifactKey: Guid(8aef9f796233e2f4baabb2d1a3f3930c) Importer(815301076,1909f56bfc062723c751e8b465ee728b)
Start importing Assets/kaya.fbx using Guid(8aef9f796233e2f4baabb2d1a3f3930c) Importer(815301076,1909f56bfc062723c751e8b465ee728b)  -> (artifact id: 'e1065990da573d0b6ad300bb8a03935f') in 0.244431 seconds 
  Import took 0.254067 seconds .

========================================================================
Received Import Request.
  Time since last request: 0.000368 seconds.
  path: Assets/RoomManager.prefab
  artifactKey: Guid(e3e3e8c5e47e42049853ab0f7aa11278) Importer(815301076,1909f56bfc062723c751e8b465ee728b)
Start importing Assets/RoomManager.prefab using Guid(e3e3e8c5e47e42049853ab0f7aa11278) Importer(815301076,1909f56bfc062723c751e8b465ee728b)  -> (artifact id: '59f8b356c6c83a4e23af7373ddde3e32') in 0.032511 seconds 
  Import took 0.039182 seconds .

========================================================================
Received Import Request.
  Time since last request: 0.000482 seconds.
  path: Assets/Resources/ChatSettingsFile.asset
  artifactKey: Guid(2ec9571ff5d280440adcda1c9e607443) Importer(815301076,1909f56bfc062723c751e8b465ee728b)
Start importing Assets/Resources/ChatSettingsFile.asset using Guid(2ec9571ff5d280440adcda1c9e607443) Importer(815301076,1909f56bfc062723c751e8b465ee728b)  -> (artifact id: '54047d2bd00d3510dc9fbbc7bdac1d47') in 0.013512 seconds 
  Import took 0.021004 seconds .

========================================================================
Received Import Request.
  Time since last request: 0.000517 seconds.
  path: Assets/Scenes/SampleScene.unity
  artifactKey: Guid(9fc0d4010bbf28b4594072e72b8655ab) Importer(815301076,1909f56bfc062723c751e8b465ee728b)
Start importing Assets/Scenes/SampleScene.unity using Guid(9fc0d4010bbf28b4594072e72b8655ab) Importer(815301076,1909f56bfc062723c751e8b465ee728b)  -> (artifact id: '68b9f8d0d4507e53db66ccb0b8c1f36f') in 0.015654 seconds 
  Import took 0.021549 seconds .

AssetImportWorkerClient::OnTransportError - code=2 error=End of file
